app/build/outputs/logs/manifest-merger-creditt-release-report.txt
-- Merging decision tree log ---
manifest
ADDED from src/main/AndroidManifest.xml:2:1-192:12
INJECTED from src/main/AndroidManifest.xml:2:1-192:12
INJECTED from src/main/AndroidManifest.xml:2:1-192:12
INJECTED from src/main/AndroidManifest.xml:2:1-192:12
MERGED from [com.karumi:dexter:5.0.0] AndroidManifest.xml:17:1-32:12
MERGED from [com.android.support:design:28.0.0-alpha3] AndroidManifest.xml:17:1-24:12
MERGED from [com.android.support:appcompat-v7:28.0.0-alpha3] AndroidManifest.xml:17:1-22:12
MERGED from [org.solovyev.android.views:linear-layout-manager:0.5] AndroidManifest.xml:23:1-33:12
MERGED from [com.github.bluejamesbond:textjustify-android:1.5.1] AndroidManifest.xml:2:1-14:12
MERGED from [com.melnykov:floatingactionbutton:1.3.0] AndroidManifest.xml:2:1-14:12
MERGED from [:zoop-emv-connect-android-sdk] AndroidManifest.xml:2:1-21:12
MERGED from [com.amazonaws:aws-android-sdk-mobile-client:2.6.31] AndroidManifest.xml:2:1-6:12
MERGED from [com.amazonaws:aws-android-sdk-auth-core:2.6.31] AndroidManifest.xml:2:1-4:80
MERGED from [com.android.support:recyclerview-v7:28.0.0-alpha3] AndroidManifest.xml:17:1-22:12
MERGED from [com.android.support:support-v13:28.0.0-alpha3] AndroidManifest.xml:17:1-22:12
MERGED from [me.relex:circleindicator:1.2.1] AndroidManifest.xml:2:1-12:12
MERGED from [com.android.support:cardview-v7:28.0.0-alpha3] AndroidManifest.xml:17:1-22:12
MERGED from [com.google.firebase:firebase-core:12.0.1] AndroidManifest.xml:2:1-6:12
MERGED from [com.google.firebase:firebase-analytics:12.0.1] AndroidManifest.xml:17:1-54:12
MERGED from [com.google.firebase:firebase-analytics-impl:12.0.1] AndroidManifest.xml:17:1-40:12
MERGED from [com.google.firebase:firebase-iid:12.0.1] AndroidManifest.xml:17:1-59:12
MERGED from [com.google.firebase:firebase-common:12.0.1] AndroidManifest.xml:2:1-15:12
MERGED from [com.google.android.gms:play-services-tasks:12.0.1] AndroidManifest.xml:2:1-9:12
MERGED from [com.google.android.gms:play-services-basement:12.0.1] AndroidManifest.xml:17:1-28:12
MERGED from [com.android.support:support-v4:28.0.0-alpha3] AndroidManifest.xml:17:1-22:12
MERGED from [com.android.support:support-fragment:28.0.0-alpha3] AndroidManifest.xml:17:1-22:12
MERGED from [com.android.support:animated-vector-drawable:28.0.0-alpha3] AndroidManifest.xml:17:1-22:12
MERGED from [com.android.support:support-core-ui:28.0.0-alpha3] AndroidManifest.xml:17:1-22:12
MERGED from [com.android.support:support-core-utils:28.0.0-alpha3] AndroidManifest.xml:17:1-22:12
MERGED from [com.android.support:viewpager:28.0.0-alpha3] AndroidManifest.xml:17:1-22:12
MERGED from [com.android.support:coordinatorlayout:28.0.0-alpha3] AndroidManifest.xml:17:1-22:12
MERGED from [com.android.support:drawerlayout:28.0.0-alpha3] AndroidManifest.xml:17:1-22:12
MERGED from [com.android.support:slidingpanelayout:28.0.0-alpha3] AndroidManifest.xml:17:1-22:12
MERGED from [com.android.support:customview:28.0.0-alpha3] AndroidManifest.xml:17:1-22:12
MERGED from [com.android.support:swiperefreshlayout:28.0.0-alpha3] AndroidManifest.xml:17:1-22:12
MERGED from [com.android.support:asynclayoutinflater:28.0.0-alpha3] AndroidManifest.xml:17:1-22:12
MERGED from [com.android.support:loader:28.0.0-alpha3] AndroidManifest.xml:17:1-22:12
MERGED from [com.android.support:support-vector-drawable:28.0.0-alpha3] AndroidManifest.xml:17:1-22:12
MERGED from [com.android.support:transition:28.0.0-alpha3] AndroidManifest.xml:17:1-22:12
MERGED from [com.android.support:support-media-compat:28.0.0-alpha3] AndroidManifest.xml:17:1-22:12
MERGED from [com.android.support:support-compat:28.0.0-alpha3] AndroidManifest.xml:17:1-24:12
MERGED from [android.arch.lifecycle:runtime:1.1.1] AndroidManifest.xml:17:1-22:12
MERGED from [com.android.support:versionedparcelable:28.0.0-alpha3] AndroidManifest.xml:17:1-25:12
MERGED from [com.android.support:interpolator:28.0.0-alpha3] AndroidManifest.xml:17:1-22:12
MERGED from [com.android.support:cursoradapter:28.0.0-alpha3] AndroidManifest.xml:17:1-22:12
MERGED from [android.arch.lifecycle:livedata-core:1.1.1] AndroidManifest.xml:17:1-22:12
MERGED from [android.arch.core:runtime:1.1.1] AndroidManifest.xml:17:1-22:12
MERGED from [com.android.support:documentfile:28.0.0-alpha3] AndroidManifest.xml:17:1-22:12
MERGED from [com.android.support:localbroadcastmanager:28.0.0-alpha3] AndroidManifest.xml:17:1-22:12
MERGED from [com.android.support:print:28.0.0-alpha3] AndroidManifest.xml:17:1-22:12
MERGED from [android.arch.lifecycle:viewmodel:1.1.1] AndroidManifest.xml:17:1-22:12
MERGED from [com.android.support:multidex:1.0.2] AndroidManifest.xml:17:1-22:12
MERGED from [com.google.firebase:firebase-analytics-license:12.0.1] AndroidManifest.xml:17:1-24:12
MERGED from [com.google.android.gms:play-services-basement-license:12.0.1] AndroidManifest.xml:17:1-24:12
MERGED from [com.google.firebase:firebase-common-license:12.0.1] AndroidManifest.xml:17:1-24:12
MERGED from [com.google.firebase:firebase-analytics-impl-license:12.0.1] AndroidManifest.xml:17:1-24:12
MERGED from [com.google.android.gms:play-services-tasks-license:12.0.1] AndroidManifest.xml:17:1-24:12
MERGED from [com.google.firebase:firebase-iid-license:12.0.1] AndroidManifest.xml:17:1-24:12
INJECTED from src/main/AndroidManifest.xml:2:1-192:12
INJECTED from src/main/AndroidManifest.xml:2:1-192:12
INJECTED from src/main/AndroidManifest.xml:2:1-192:12
	package
		ADDED from src/main/AndroidManifest.xml:4:5-36
		INJECTED from src/main/AndroidManifest.xml
		INJECTED from src/main/AndroidManifest.xml
	android:versionName
		INJECTED from src/main/AndroidManifest.xml
		ADDED from src/main/AndroidManifest.xml:2:1-192:12
		INJECTED from src/main/AndroidManifest.xml
	xmlns:tools
		ADDED from src/main/AndroidManifest.xml:3:5-51
	android:versionCode
		INJECTED from src/main/AndroidManifest.xml
		ADDED from src/main/AndroidManifest.xml:2:1-192:12
		INJECTED from src/main/AndroidManifest.xml
	xmlns:android
		ADDED from src/main/AndroidManifest.xml:2:11-69
uses-sdk
ADDED from src/main/AndroidManifest.xml:6:5-9:171
INJECTED from src/main/AndroidManifest.xml:6:5-9:171
INJECTED from src/main/AndroidManifest.xml:6:5-9:171
MERGED from [com.karumi:dexter:5.0.0] AndroidManifest.xml:22:5-24:41
MERGED from [com.karumi:dexter:5.0.0] AndroidManifest.xml:22:5-24:41
MERGED from [com.android.support:design:28.0.0-alpha3] AndroidManifest.xml:20:5-44
MERGED from [com.android.support:design:28.0.0-alpha3] AndroidManifest.xml:20:5-44
MERGED from [com.android.support:appcompat-v7:28.0.0-alpha3] AndroidManifest.xml:20:5-44
MERGED from [com.android.support:appcompat-v7:28.0.0-alpha3] AndroidManifest.xml:20:5-44
MERGED from [org.solovyev.android.views:linear-layout-manager:0.5] AndroidManifest.xml:29:5-31:41
MERGED from [org.solovyev.android.views:linear-layout-manager:0.5] AndroidManifest.xml:29:5-31:41
MERGED from [com.github.bluejamesbond:textjustify-android:1.5.1] AndroidManifest.xml:8:5-10:40
MERGED from [com.github.bluejamesbond:textjustify-android:1.5.1] AndroidManifest.xml:8:5-10:40
MERGED from [com.melnykov:floatingactionbutton:1.3.0] AndroidManifest.xml:8:5-10:41
MERGED from [com.melnykov:floatingactionbutton:1.3.0] AndroidManifest.xml:8:5-10:41
MERGED from [:zoop-emv-connect-android-sdk] AndroidManifest.xml:8:5-10:41
MERGED from [:zoop-emv-connect-android-sdk] AndroidManifest.xml:8:5-10:41
MERGED from [com.amazonaws:aws-android-sdk-mobile-client:2.6.31] AndroidManifest.xml:4:5-73
MERGED from [com.amazonaws:aws-android-sdk-mobile-client:2.6.31] AndroidManifest.xml:4:5-73
MERGED from [com.amazonaws:aws-android-sdk-auth-core:2.6.31] AndroidManifest.xml:4:1-69
MERGED from [com.amazonaws:aws-android-sdk-auth-core:2.6.31] AndroidManifest.xml:4:1-69
MERGED from [com.android.support:recyclerview-v7:28.0.0-alpha3] AndroidManifest.xml:20:5-44
MERGED from [com.android.support:recyclerview-v7:28.0.0-alpha3] AndroidManifest.xml:20:5-44
MERGED from [com.android.support:support-v13:28.0.0-alpha3] AndroidManifest.xml:20:5-44
MERGED from [com.android.support:support-v13:28.0.0-alpha3] AndroidManifest.xml:20:5-44
MERGED from [me.relex:circleindicator:1.2.1] AndroidManifest.xml:8:5-10:41
MERGED from [me.relex:circleindicator:1.2.1] AndroidManifest.xml:8:5-10:41
MERGED from [com.android.support:cardview-v7:28.0.0-alpha3] AndroidManifest.xml:20:5-44
MERGED from [com.android.support:cardview-v7:28.0.0-alpha3] AndroidManifest.xml:20:5-44
MERGED from [com.google.firebase:firebase-core:12.0.1] AndroidManifest.xml:4:5-43
MERGED from [com.google.firebase:firebase-core:12.0.1] AndroidManifest.xml:4:5-43
MERGED from [com.google.firebase:firebase-analytics:12.0.1] AndroidManifest.xml:20:5-44
MERGED from [com.google.firebase:firebase-analytics:12.0.1] AndroidManifest.xml:20:5-44
MERGED from [com.google.firebase:firebase-analytics-impl:12.0.1] AndroidManifest.xml:20:5-44
MERGED from [com.google.firebase:firebase-analytics-impl:12.0.1] AndroidManifest.xml:20:5-44
MERGED from [com.google.firebase:firebase-iid:12.0.1] AndroidManifest.xml:20:5-44
MERGED from [com.google.firebase:firebase-iid:12.0.1] AndroidManifest.xml:20:5-44
MERGED from [com.google.firebase:firebase-common:12.0.1] AndroidManifest.xml:5:5-44
MERGED from [com.google.firebase:firebase-common:12.0.1] AndroidManifest.xml:5:5-44
MERGED from [com.google.android.gms:play-services-tasks:12.0.1] AndroidManifest.xml:5:5-44
MERGED from [com.google.android.gms:play-services-tasks:12.0.1] AndroidManifest.xml:5:5-44
MERGED from [com.google.android.gms:play-services-basement:12.0.1] AndroidManifest.xml:20:5-44
MERGED from [com.google.android.gms:play-services-basement:12.0.1] AndroidManifest.xml:20:5-44
MERGED from [com.android.support:support-v4:28.0.0-alpha3] AndroidManifest.xml:20:5-44
MERGED from [com.android.support:support-v4:28.0.0-alpha3] AndroidManifest.xml:20:5-44
MERGED from [com.android.support:support-fragment:28.0.0-alpha3] AndroidManifest.xml:20:5-44
MERGED from [com.android.support:support-fragment:28.0.0-alpha3] AndroidManifest.xml:20:5-44
MERGED from [com.android.support:animated-vector-drawable:28.0.0-alpha3] AndroidManifest.xml:20:5-44
MERGED from [com.android.support:animated-vector-drawable:28.0.0-alpha3] AndroidManifest.xml:20:5-44
MERGED from [com.android.support:support-core-ui:28.0.0-alpha3] AndroidManifest.xml:20:5-44
MERGED from [com.android.support:support-core-ui:28.0.0-alpha3] AndroidManifest.xml:20:5-44
MERGED from [com.android.support:support-core-utils:28.0.0-alpha3] AndroidManifest.xml:20:5-44
MERGED from [com.android.support:support-core-utils:28.0.0-alpha3] AndroidManifest.xml:20:5-44
MERGED from [com.android.support:viewpager:28.0.0-alpha3] AndroidManifest.xml:20:5-44
MERGED from [com.android.support:viewpager:28.0.0-alpha3] AndroidManifest.xml:20:5-44
MERGED from [com.android.support:coordinatorlayout:28.0.0-alpha3] AndroidManifest.xml:20:5-44
MERGED from [com.android.support:coordinatorlayout:28.0.0-alpha3] AndroidManifest.xml:20:5-44
MERGED from [com.android.support:drawerlayout:28.0.0-alpha3] AndroidManifest.xml:20:5-44
MERGED from [com.android.support:drawerlayout:28.0.0-alpha3] AndroidManifest.xml:20:5-44
MERGED from [com.android.support:slidingpanelayout:28.0.0-alpha3] AndroidManifest.xml:20:5-44
MERGED from [com.android.support:slidingpanelayout:28.0.0-alpha3] AndroidManifest.xml:20:5-44
MERGED from [com.android.support:customview:28.0.0-alpha3] AndroidManifest.xml:20:5-44
MERGED from [com.android.support:customview:28.0.0-alpha3] AndroidManifest.xml:20:5-44
MERGED from [com.android.support:swiperefreshlayout:28.0.0-alpha3] AndroidManifest.xml:20:5-44
MERGED from [com.android.support:swiperefreshlayout:28.0.0-alpha3] AndroidManifest.xml:20:5-44
MERGED from [com.android.support:asynclayoutinflater:28.0.0-alpha3] AndroidManifest.xml:20:5-44
MERGED from [com.android.support:asynclayoutinflater:28.0.0-alpha3] AndroidManifest.xml:20:5-44
MERGED from [com.android.support:loader:28.0.0-alpha3] AndroidManifest.xml:20:5-44
MERGED from [com.android.support:loader:28.0.0-alpha3] AndroidManifest.xml:20:5-44
MERGED from [com.android.support:support-vector-drawable:28.0.0-alpha3] AndroidManifest.xml:20:5-44
MERGED from [com.android.support:support-vector-drawable:28.0.0-alpha3] AndroidManifest.xml:20:5-44
MERGED from [com.android.support:transition:28.0.0-alpha3] AndroidManifest.xml:20:5-44
MERGED from [com.android.support:transition:28.0.0-alpha3] AndroidManifest.xml:20:5-44
MERGED from [com.android.support:support-media-compat:28.0.0-alpha3] AndroidManifest.xml:20:5-44
MERGED from [com.android.support:support-media-compat:28.0.0-alpha3] AndroidManifest.xml:20:5-44
MERGED from [com.android.support:support-compat:28.0.0-alpha3] AndroidManifest.xml:20:5-44
MERGED from [com.android.support:support-compat:28.0.0-alpha3] AndroidManifest.xml:20:5-44
MERGED from [android.arch.lifecycle:runtime:1.1.1] AndroidManifest.xml:20:5-44
MERGED from [android.arch.lifecycle:runtime:1.1.1] AndroidManifest.xml:20:5-44
MERGED from [com.android.support:versionedparcelable:28.0.0-alpha3] AndroidManifest.xml:20:5-44
MERGED from [com.android.support:versionedparcelable:28.0.0-alpha3] AndroidManifest.xml:20:5-44
MERGED from [com.android.support:interpolator:28.0.0-alpha3] AndroidManifest.xml:20:5-44
MERGED from [com.android.support:interpolator:28.0.0-alpha3] AndroidManifest.xml:20:5-44
MERGED from [com.android.support:cursoradapter:28.0.0-alpha3] AndroidManifest.xml:20:5-44
MERGED from [com.android.support:cursoradapter:28.0.0-alpha3] AndroidManifest.xml:20:5-44
MERGED from [android.arch.lifecycle:livedata-core:1.1.1] AndroidManifest.xml:20:5-44
MERGED from [android.arch.lifecycle:livedata-core:1.1.1] AndroidManifest.xml:20:5-44
MERGED from [android.arch.core:runtime:1.1.1] AndroidManifest.xml:20:5-44
MERGED from [android.arch.core:runtime:1.1.1] AndroidManifest.xml:20:5-44
MERGED from [com.android.support:documentfile:28.0.0-alpha3] AndroidManifest.xml:20:5-44
MERGED from [com.android.support:documentfile:28.0.0-alpha3] AndroidManifest.xml:20:5-44
MERGED from [com.android.support:localbroadcastmanager:28.0.0-alpha3] AndroidManifest.xml:20:5-44
MERGED from [com.android.support:localbroadcastmanager:28.0.0-alpha3] AndroidManifest.xml:20:5-44
MERGED from [com.android.support:print:28.0.0-alpha3] AndroidManifest.xml:20:5-44
MERGED from [com.android.support:print:28.0.0-alpha3] AndroidManifest.xml:20:5-44
MERGED from [android.arch.lifecycle:viewmodel:1.1.1] AndroidManifest.xml:20:5-44
MERGED from [android.arch.lifecycle:viewmodel:1.1.1] AndroidManifest.xml:20:5-44
MERGED from [com.android.support:multidex:1.0.2] AndroidManifest.xml:20:5-43
MERGED from [com.android.support:multidex:1.0.2] AndroidManifest.xml:20:5-43
MERGED from [com.google.firebase:firebase-analytics-license:12.0.1] AndroidManifest.xml:20:5-44
MERGED from [com.google.firebase:firebase-analytics-license:12.0.1] AndroidManifest.xml:20:5-44
MERGED from [com.google.android.gms:play-services-basement-license:12.0.1] AndroidManifest.xml:20:5-44
MERGED from [com.google.android.gms:play-services-basement-license:12.0.1] AndroidManifest.xml:20:5-44
MERGED from [com.google.firebase:firebase-common-license:12.0.1] AndroidManifest.xml:20:5-44
MERGED from [com.google.firebase:firebase-common-license:12.0.1] AndroidManifest.xml:20:5-44
MERGED from [com.google.firebase:firebase-analytics-impl-license:12.0.1] AndroidManifest.xml:20:5-44
MERGED from [com.google.firebase:firebase-analytics-impl-license:12.0.1] AndroidManifest.xml:20:5-44
MERGED from [com.google.android.gms:play-services-tasks-license:12.0.1] AndroidManifest.xml:20:5-44
MERGED from [com.google.android.gms:play-services-tasks-license:12.0.1] AndroidManifest.xml:20:5-44
MERGED from [com.google.firebase:firebase-iid-license:12.0.1] AndroidManifest.xml:20:5-44
MERGED from [com.google.firebase:firebase-iid-license:12.0.1] AndroidManifest.xml:20:5-44
INJECTED from src/main/AndroidManifest.xml:6:5-9:171
INJECTED from src/main/AndroidManifest.xml:6:5-9:171
	tools:overrideLibrary
		ADDED from src/main/AndroidManifest.xml:9:9-168
	android:targetSdkVersion
		ADDED from src/main/AndroidManifest.xml:8:9-38
		INJECTED from src/main/AndroidManifest.xml
		INJECTED from src/main/AndroidManifest.xml
	android:minSdkVersion
		ADDED from src/main/AndroidManifest.xml:7:9-34
		INJECTED from src/main/AndroidManifest.xml
		INJECTED from src/main/AndroidManifest.xml
uses-permission#android.permission.INTERNET
ADDED from src/main/AndroidManifest.xml:11:5-67
MERGED from [com.google.firebase:firebase-analytics:12.0.1] AndroidManifest.xml:23:5-67
MERGED from [com.google.firebase:firebase-analytics:12.0.1] AndroidManifest.xml:23:5-67
MERGED from [com.google.firebase:firebase-analytics-impl:12.0.1] AndroidManifest.xml:23:5-67
MERGED from [com.google.firebase:firebase-analytics-impl:12.0.1] AndroidManifest.xml:23:5-67
MERGED from [com.google.firebase:firebase-iid:12.0.1] AndroidManifest.xml:23:5-67
MERGED from [com.google.firebase:firebase-iid:12.0.1] AndroidManifest.xml:23:5-67
	android:name
		ADDED from src/main/AndroidManifest.xml:11:22-64
uses-permission#android.permission.BLUETOOTH
ADDED from src/main/AndroidManifest.xml:12:5-68
MERGED from [:zoop-emv-connect-android-sdk] AndroidManifest.xml:12:5-68
MERGED from [:zoop-emv-connect-android-sdk] AndroidManifest.xml:12:5-68
	android:name
		ADDED from src/main/AndroidManifest.xml:12:22-65
uses-permission#android.permission.ACCESS_COARSE_LOCATION
ADDED from src/main/AndroidManifest.xml:13:5-81
	android:name
		ADDED from src/main/AndroidManifest.xml:13:22-78
uses-permission#android.permission.ACCESS_FINE_LOCATION
ADDED from src/main/AndroidManifest.xml:14:5-79
	android:name
		ADDED from src/main/AndroidManifest.xml:14:22-76
uses-permission#android.permission.ACCESS_NETWORK_STATE
ADDED from src/main/AndroidManifest.xml:15:5-79
MERGED from [com.google.firebase:firebase-analytics:12.0.1] AndroidManifest.xml:24:5-79
MERGED from [com.google.firebase:firebase-analytics:12.0.1] AndroidManifest.xml:24:5-79
MERGED from [com.google.firebase:firebase-analytics-impl:12.0.1] AndroidManifest.xml:24:5-79
MERGED from [com.google.firebase:firebase-analytics-impl:12.0.1] AndroidManifest.xml:24:5-79
MERGED from [com.google.firebase:firebase-iid:12.0.1] AndroidManifest.xml:22:5-79
MERGED from [com.google.firebase:firebase-iid:12.0.1] AndroidManifest.xml:22:5-79
	android:name
		ADDED from src/main/AndroidManifest.xml:15:22-76
uses-permission#android.permission.BLUETOOTH_ADMIN
ADDED from src/main/AndroidManifest.xml:16:5-74
	android:name
		ADDED from src/main/AndroidManifest.xml:16:22-71
uses-permission#android.permission.READ_PHONE_STATE
ADDED from src/main/AndroidManifest.xml:17:5-75
	android:name
		ADDED from src/main/AndroidManifest.xml:17:22-72
uses-permission#android.permission.CAMERA
ADDED from src/main/AndroidManifest.xml:18:5-65
	android:name
		ADDED from src/main/AndroidManifest.xml:18:22-62
uses-permission#android.permission.WRITE_EXTERNAL_STORAGE
ADDED from src/main/AndroidManifest.xml:19:5-81
	android:name
		ADDED from src/main/AndroidManifest.xml:19:22-78
uses-permission#android.permission.READ_EXTERNAL_STORAGE
ADDED from src/main/AndroidManifest.xml:20:5-80
	android:name
		ADDED from src/main/AndroidManifest.xml:20:22-77
uses-feature#android.hardware.usb.host
ADDED from src/main/AndroidManifest.xml:22:5-87
	android:required
		ADDED from src/main/AndroidManifest.xml:22:60-84
	android:name
		ADDED from src/main/AndroidManifest.xml:22:19-59
uses-feature#android.hardware.camera
ADDED from src/main/AndroidManifest.xml:23:5-84
	android:required
		ADDED from src/main/AndroidManifest.xml:23:58-82
	android:name
		ADDED from src/main/AndroidManifest.xml:23:19-57
uses-feature#android.hardware.camera.autofocus
ADDED from src/main/AndroidManifest.xml:24:5-94
	android:required
		ADDED from src/main/AndroidManifest.xml:24:68-92
	android:name
		ADDED from src/main/AndroidManifest.xml:24:19-67
uses-feature#android.hardware.BLUETOOTH
ADDED from src/main/AndroidManifest.xml:25:5-87
	android:required
		ADDED from src/main/AndroidManifest.xml:25:61-85
	android:name
		ADDED from src/main/AndroidManifest.xml:25:19-60
application
ADDED from src/main/AndroidManifest.xml:27:5-190:19
MERGED from [com.karumi:dexter:5.0.0] AndroidManifest.xml:26:5-30:19
MERGED from [com.karumi:dexter:5.0.0] AndroidManifest.xml:26:5-30:19
MERGED from [com.android.support:design:28.0.0-alpha3] AndroidManifest.xml:22:5-20
MERGED from [com.android.support:design:28.0.0-alpha3] AndroidManifest.xml:22:5-20
MERGED from [com.github.bluejamesbond:textjustify-android:1.5.1] AndroidManifest.xml:12:5-20
MERGED from [com.github.bluejamesbond:textjustify-android:1.5.1] AndroidManifest.xml:12:5-20
MERGED from [com.melnykov:floatingactionbutton:1.3.0] AndroidManifest.xml:12:5-20
MERGED from [com.melnykov:floatingactionbutton:1.3.0] AndroidManifest.xml:12:5-20
MERGED from [:zoop-emv-connect-android-sdk] AndroidManifest.xml:14:5-19:19
MERGED from [:zoop-emv-connect-android-sdk] AndroidManifest.xml:14:5-19:19
MERGED from [com.google.firebase:firebase-core:12.0.1] AndroidManifest.xml:5:5-20
MERGED from [com.google.firebase:firebase-core:12.0.1] AndroidManifest.xml:5:5-20
MERGED from [com.google.firebase:firebase-analytics:12.0.1] AndroidManifest.xml:27:5-52:19
MERGED from [com.google.firebase:firebase-analytics:12.0.1] AndroidManifest.xml:27:5-52:19
MERGED from [com.google.firebase:firebase-analytics-impl:12.0.1] AndroidManifest.xml:27:5-38:19
MERGED from [com.google.firebase:firebase-analytics-impl:12.0.1] AndroidManifest.xml:27:5-38:19
MERGED from [com.google.firebase:firebase-iid:12.0.1] AndroidManifest.xml:34:5-57:19
MERGED from [com.google.firebase:firebase-iid:12.0.1] AndroidManifest.xml:34:5-57:19
MERGED from [com.google.firebase:firebase-common:12.0.1] AndroidManifest.xml:7:5-13:19
MERGED from [com.google.firebase:firebase-common:12.0.1] AndroidManifest.xml:7:5-13:19
MERGED from [com.google.android.gms:play-services-tasks:12.0.1] AndroidManifest.xml:7:5-20
MERGED from [com.google.android.gms:play-services-tasks:12.0.1] AndroidManifest.xml:7:5-20
MERGED from [com.google.android.gms:play-services-basement:12.0.1] AndroidManifest.xml:22:5-26:19
MERGED from [com.google.android.gms:play-services-basement:12.0.1] AndroidManifest.xml:22:5-26:19
MERGED from [com.android.support:support-compat:28.0.0-alpha3] AndroidManifest.xml:22:5-94
MERGED from [com.android.support:support-compat:28.0.0-alpha3] AndroidManifest.xml:22:5-94
MERGED from [com.android.support:versionedparcelable:28.0.0-alpha3] AndroidManifest.xml:22:5-23:19
MERGED from [com.android.support:versionedparcelable:28.0.0-alpha3] AndroidManifest.xml:22:5-23:19
MERGED from [com.google.firebase:firebase-analytics-license:12.0.1] AndroidManifest.xml:22:5-20
MERGED from [com.google.firebase:firebase-analytics-license:12.0.1] AndroidManifest.xml:22:5-20
MERGED from [com.google.android.gms:play-services-basement-license:12.0.1] AndroidManifest.xml:22:5-20
MERGED from [com.google.android.gms:play-services-basement-license:12.0.1] AndroidManifest.xml:22:5-20
MERGED from [com.google.firebase:firebase-common-license:12.0.1] AndroidManifest.xml:22:5-20
MERGED from [com.google.firebase:firebase-common-license:12.0.1] AndroidManifest.xml:22:5-20
MERGED from [com.google.firebase:firebase-analytics-impl-license:12.0.1] AndroidManifest.xml:22:5-20
MERGED from [com.google.firebase:firebase-analytics-impl-license:12.0.1] AndroidManifest.xml:22:5-20
MERGED from [com.google.android.gms:play-services-tasks-license:12.0.1] AndroidManifest.xml:22:5-20
MERGED from [com.google.android.gms:play-services-tasks-license:12.0.1] AndroidManifest.xml:22:5-20
MERGED from [com.google.firebase:firebase-iid-license:12.0.1] AndroidManifest.xml:22:5-20
MERGED from [com.google.firebase:firebase-iid-license:12.0.1] AndroidManifest.xml:22:5-20
	android:appComponentFactory
		ADDED from [com.android.support:support-compat:28.0.0-alpha3] AndroidManifest.xml:22:18-91
	android:supportsRtl
		ADDED from [:zoop-emv-connect-android-sdk] AndroidManifest.xml:17:9-35
	android:label
		ADDED from src/main/AndroidManifest.xml:30:9-45
		REJECTED from [:zoop-emv-connect-android-sdk] AndroidManifest.xml:16:9-41
	tools:overrideLibrary
		ADDED from [:zoop-emv-connect-android-sdk] AndroidManifest.xml:18:9-56
	android:icon
		ADDED from src/main/AndroidManifest.xml:29:9-45
	android:allowBackup
		ADDED from src/main/AndroidManifest.xml:28:9-35
	android:theme
		ADDED from src/main/AndroidManifest.xml:32:9-53
	tools:replace
		ADDED from src/main/AndroidManifest.xml:31:9-38
	android:name
		ADDED from src/main/AndroidManifest.xml:33:9-44
activity#com.zoop.checkout.app.ChargeActivity
ADDED from src/main/AndroidManifest.xml:34:9-45:20
	android:screenOrientation
		ADDED from src/main/AndroidManifest.xml:39:13-49
	android:label
		ADDED from src/main/AndroidManifest.xml:38:13-49
	android:exported
		ADDED from src/main/AndroidManifest.xml:37:13-36
	android:configChanges
		ADDED from src/main/AndroidManifest.xml:36:13-63
	android:name
		ADDED from src/main/AndroidManifest.xml:35:13-43
intent-filter#action:name:com.zoop.checkout.app.CHARGE+category:name:android.intent.category.DEFAULT
ADDED from src/main/AndroidManifest.xml:40:13-44:29
action#com.zoop.checkout.app.CHARGE
ADDED from src/main/AndroidManifest.xml:41:17-71
	android:name
		ADDED from src/main/AndroidManifest.xml:41:25-68
category#android.intent.category.DEFAULT
ADDED from src/main/AndroidManifest.xml:43:17-76
	android:name
		ADDED from src/main/AndroidManifest.xml:43:27-73
activity#com.zoop.checkout.app.ConfigPinPadActivity
ADDED from src/main/AndroidManifest.xml:48:9-52:66
	android:screenOrientation
		ADDED from src/main/AndroidManifest.xml:51:13-49
	android:windowSoftInputMode
		ADDED from src/main/AndroidManifest.xml:52:13-54
	android:configChanges
		ADDED from src/main/AndroidManifest.xml:50:13-63
	android:name
		ADDED from src/main/AndroidManifest.xml:49:13-49
activity#com.zoop.checkout.app.ConfigPrinterActivity
ADDED from src/main/AndroidManifest.xml:53:9-57:66
	android:screenOrientation
		ADDED from src/main/AndroidManifest.xml:56:13-49
	android:windowSoftInputMode
		ADDED from src/main/AndroidManifest.xml:57:13-54
	android:configChanges
		ADDED from src/main/AndroidManifest.xml:55:13-63
	android:name
		ADDED from src/main/AndroidManifest.xml:54:13-50
activity#com.zoop.checkout.app.WalletActivity
ADDED from src/main/AndroidManifest.xml:58:9-62:66
	android:screenOrientation
		ADDED from src/main/AndroidManifest.xml:61:13-49
	android:windowSoftInputMode
		ADDED from src/main/AndroidManifest.xml:62:13-54
	android:configChanges
		ADDED from src/main/AndroidManifest.xml:60:13-63
	android:name
		ADDED from src/main/AndroidManifest.xml:59:13-43
activity#com.zoop.checkout.app.WebViewActivity
ADDED from src/main/AndroidManifest.xml:63:9-67:66
	android:screenOrientation
		ADDED from src/main/AndroidManifest.xml:66:13-49
	android:windowSoftInputMode
		ADDED from src/main/AndroidManifest.xml:67:13-54
	android:configChanges
		ADDED from src/main/AndroidManifest.xml:65:13-63
	android:name
		ADDED from src/main/AndroidManifest.xml:64:13-44
activity#com.zoop.checkout.app.MigrateVersionActivity
ADDED from src/main/AndroidManifest.xml:68:9-72:66
	android:screenOrientation
		ADDED from src/main/AndroidManifest.xml:71:13-49
	android:windowSoftInputMode
		ADDED from src/main/AndroidManifest.xml:72:13-54
	android:configChanges
		ADDED from src/main/AndroidManifest.xml:70:13-63
	android:name
		ADDED from src/main/AndroidManifest.xml:69:13-51
activity#com.zoop.checkout.app.OptionsMenu
ADDED from src/main/AndroidManifest.xml:73:9-77:66
	android:screenOrientation
		ADDED from src/main/AndroidManifest.xml:76:13-49
	android:windowSoftInputMode
		ADDED from src/main/AndroidManifest.xml:77:13-54
	android:configChanges
		ADDED from src/main/AndroidManifest.xml:75:13-63
	android:name
		ADDED from src/main/AndroidManifest.xml:74:13-40
activity#com.zoop.checkout.app.FAQActivity
ADDED from src/main/AndroidManifest.xml:78:9-82:66
	android:screenOrientation
		ADDED from src/main/AndroidManifest.xml:81:13-49
	android:windowSoftInputMode
		ADDED from src/main/AndroidManifest.xml:82:13-54
	android:configChanges
		ADDED from src/main/AndroidManifest.xml:80:13-63
	android:name
		ADDED from src/main/AndroidManifest.xml:79:13-40
activity#com.zoop.checkout.app.PlansActivity
ADDED from src/main/AndroidManifest.xml:83:9-87:66
	android:screenOrientation
		ADDED from src/main/AndroidManifest.xml:86:13-49
	android:windowSoftInputMode
		ADDED from src/main/AndroidManifest.xml:87:13-54
	android:configChanges
		ADDED from src/main/AndroidManifest.xml:85:13-63
	android:name
		ADDED from src/main/AndroidManifest.xml:84:13-42
activity#com.zoop.checkout.app.CaptureSignatureActivity
ADDED from src/main/AndroidManifest.xml:88:9-92:62
	android:screenOrientation
		ADDED from src/main/AndroidManifest.xml:92:13-50
	android:label
		ADDED from src/main/AndroidManifest.xml:91:13-69
	android:configChanges
		ADDED from src/main/AndroidManifest.xml:90:13-63
	android:name
		ADDED from src/main/AndroidManifest.xml:89:13-53
activity#com.zoop.checkout.app.ReceiptPrint
ADDED from src/main/AndroidManifest.xml:93:9-97:61
	android:screenOrientation
		ADDED from src/main/AndroidManifest.xml:97:13-49
	android:label
		ADDED from src/main/AndroidManifest.xml:96:13-69
	android:configChanges
		ADDED from src/main/AndroidManifest.xml:95:13-63
	android:name
		ADDED from src/main/AndroidManifest.xml:94:13-41
activity#com.zoop.checkout.app.LoginActivity
ADDED from src/main/AndroidManifest.xml:98:9-103:79
	android:screenOrientation
		ADDED from src/main/AndroidManifest.xml:102:13-49
	android:label
		ADDED from src/main/AndroidManifest.xml:101:13-49
	android:windowSoftInputMode
		ADDED from src/main/AndroidManifest.xml:103:13-67
	android:exported
		ADDED from src/main/AndroidManifest.xml:100:13-36
	android:name
		ADDED from src/main/AndroidManifest.xml:99:13-42
activity#com.zoop.checkout.app.testeActivity
ADDED from src/main/AndroidManifest.xml:104:9-109:66
	android:screenOrientation
		ADDED from src/main/AndroidManifest.xml:108:13-49
	android:label